This is pdfTeX, Version 3.14159265-2.6-1.40.15 (TeX Live 2014/Debian) (preloaded format=pdflatex 2015.4.10)  22 MAY 2015 06:18
entering extended mode
 \write18 enabled.
 file:line:error style messages enabled.
 %&-line parsing enabled.
**imamcisample.tex
(./imamcisample.tex
LaTeX2e <2014/05/01>
Babel <3.9k> and hyphenation patterns for 79 languages loaded.
(/usr/share/texlive/texmf-dist/tex/latex/base/article.cls
Document Class: article 2007/10/19 v1.4h Standard LaTeX document class
(/usr/share/texlive/texmf-dist/tex/latex/base/size12.clo
File: size12.clo 2007/10/19 v1.4h Standard LaTeX file (size option)
)
\c@part=\count79
\c@section=\count80
\c@subsection=\count81
\c@subsubsection=\count82
\c@paragraph=\count83
\c@subparagraph=\count84
\c@figure=\count85
\c@table=\count86
\abovecaptionskip=\skip41
\belowcaptionskip=\skip42
\bibindent=\dimen102
)
(/usr/share/texlive/texmf-dist/tex/latex/amsmath/amsmath.sty
Package: amsmath 2013/01/14 v2.14 AMS math features
\@mathmargin=\skip43

For additional information on amsmath, use the `?' option.
(/usr/share/texlive/texmf-dist/tex/latex/amsmath/amstext.sty
Package: amstext 2000/06/29 v2.01

(/usr/share/texlive/texmf-dist/tex/latex/amsmath/amsgen.sty
File: amsgen.sty 1999/11/30 v2.0
\@emptytoks=\toks14
\ex@=\dimen103
))
(/usr/share/texlive/texmf-dist/tex/latex/amsmath/amsbsy.sty
Package: amsbsy 1999/11/29 v1.2d
\pmbraise@=\dimen104
)
(/usr/share/texlive/texmf-dist/tex/latex/amsmath/amsopn.sty
Package: amsopn 1999/12/14 v2.01 operator names
)
\inf@bad=\count87
LaTeX Info: Redefining \frac on input line 210.
\uproot@=\count88
\leftroot@=\count89
LaTeX Info: Redefining \overline on input line 306.
\classnum@=\count90
\DOTSCASE@=\count91
LaTeX Info: Redefining \ldots on input line 378.
LaTeX Info: Redefining \dots on input line 381.
LaTeX Info: Redefining \cdots on input line 466.
\Mathstrutbox@=\box26
\strutbox@=\box27
\big@size=\dimen105
LaTeX Font Info:    Redeclaring font encoding OML on input line 566.
LaTeX Font Info:    Redeclaring font encoding OMS on input line 567.
\macc@depth=\count92
\c@MaxMatrixCols=\count93
\dotsspace@=\muskip10
\c@parentequation=\count94
\dspbrk@lvl=\count95
\tag@help=\toks15
\row@=\count96
\column@=\count97
\maxfields@=\count98
\andhelp@=\toks16
\eqnshift@=\dimen106
\alignsep@=\dimen107
\tagshift@=\dimen108
\tagwidth@=\dimen109
\totwidth@=\dimen110
\lineht@=\dimen111
\@envbody=\toks17
\multlinegap=\skip44
\multlinetaggap=\skip45
\mathdisplay@stack=\toks18
LaTeX Info: Redefining \[ on input line 2665.
LaTeX Info: Redefining \] on input line 2666.
)
(/usr/share/texlive/texmf-dist/tex/latex/amscls/amsthm.sty
Package: amsthm 2004/08/06 v2.20
\thm@style=\toks19
\thm@bodyfont=\toks20
\thm@headfont=\toks21
\thm@notefont=\toks22
\thm@headpunct=\toks23
\thm@preskip=\skip46
\thm@postskip=\skip47
\thm@headsep=\skip48
\dth@everypar=\toks24
)
(/usr/share/texlive/texmf-dist/tex/latex/tools/bm.sty
Package: bm 2004/02/26 v1.1c Bold Symbol Support (DPC/FMi)
\symboldoperators=\mathgroup4
\symboldletters=\mathgroup5
\symboldsymbols=\mathgroup6
LaTeX Font Info:    Redeclaring math alphabet \mathbf on input line 137.
LaTeX Info: Redefining \bm on input line 203.
)
(/usr/share/texlive/texmf-dist/tex/latex/jknapltx/mathrsfs.sty
Package: mathrsfs 1996/01/01 Math RSFS package v1.0 (jk)
\symrsfs=\mathgroup7
)
(/usr/share/texlive/texmf-dist/tex/latex/graphics/graphicx.sty
Package: graphicx 2014/04/25 v1.0g Enhanced LaTeX Graphics (DPC,SPQR)

(/usr/share/texlive/texmf-dist/tex/latex/graphics/keyval.sty
Package: keyval 2014/05/08 v1.15 key=value parser (DPC)
\KV@toks@=\toks25
)
(/usr/share/texlive/texmf-dist/tex/latex/graphics/graphics.sty
Package: graphics 2009/02/05 v1.0o Standard LaTeX Graphics (DPC,SPQR)

(/usr/share/texlive/texmf-dist/tex/latex/graphics/trig.sty
Package: trig 1999/03/16 v1.09 sin cos tan (DPC)
)
(/usr/share/texlive/texmf-dist/tex/latex/latexconfig/graphics.cfg
File: graphics.cfg 2010/04/23 v1.9 graphics configuration of TeX Live
)
Package graphics Info: Driver file: pdftex.def on input line 91.

(/usr/share/texlive/texmf-dist/tex/latex/pdftex-def/pdftex.def
File: pdftex.def 2011/05/27 v0.06d Graphics/color for pdfTeX

(/usr/share/texlive/texmf-dist/tex/generic/oberdiek/infwarerr.sty
Package: infwarerr 2010/04/08 v1.3 Providing info/warning/error messages (HO)
)
(/usr/share/texlive/texmf-dist/tex/generic/oberdiek/ltxcmds.sty
Package: ltxcmds 2011/11/09 v1.22 LaTeX kernel commands for general use (HO)
)
\Gread@gobject=\count99
))
\Gin@req@height=\dimen112
\Gin@req@width=\dimen113
)
(/usr/share/texlive/texmf-dist/tex/latex/placeins/placeins.sty
Package: placeins 2005/04/18  v 2.2
)
(/usr/share/texlive/texmf-dist/tex/latex/caption/caption.sty
Package: caption 2013/05/02 v3.3-89 Customizing captions (AR)

(/usr/share/texlive/texmf-dist/tex/latex/caption/caption3.sty
Package: caption3 2013/05/02 v1.6-88 caption3 kernel (AR)
Package caption3 Info: TeX engine: e-TeX on input line 57.
\captionmargin=\dimen114
\captionmargin@=\dimen115
\captionwidth=\dimen116
\caption@tempdima=\dimen117
\caption@indent=\dimen118
\caption@parindent=\dimen119
\caption@hangindent=\dimen120
)
\c@ContinuedFloat=\count100
)
(/usr/share/texlive/texmf-dist/tex/latex/floatrow/floatrow.sty
Package: floatrow 2008/08/02 v0.3b floatrow: float package extension
\c@float@type=\count101
\float@exts=\toks26
\float@box=\box28
\@floatcapt=\box29
Package floatrow Info: Modified float package code loaded on input line 455.
Package floatrow Info: Modified rotfloat package code loaded on input line 473.

\FR@everyfloat=\toks27
\flrow@foot=\insert233
\FB@wd=\dimen121
\FBo@wd=\dimen122
\FBc@wd=\dimen123
\FBo@ht=\skip49
\FBc@ht=\skip50
\FBf@ht=\skip51
\FBo@max=\skip52
\FBc@max=\skip53
\FBf@max=\skip54
\c@FBl@b=\count102
\floatbox@depth=\count103
\c@FRobj=\count104
\c@FRsobj=\count105
\Xhsize=\skip55
\sXhsize=\skip56
\Zhsize=\skip57
\sZhsize=\skip58
\flrow@rowbox=\box30
\FR@Zunitlength=\dimen124
\c@FBcnt=\count106
\FPOScnt=\count107
\LTleft=\skip59
\LTright=\skip60
\LTleft=\skip61
\LTright=\skip62
\flrow@types=\toks28
)
(/usr/share/texlive/texmf-dist/tex/latex/base/inputenc.sty
Package: inputenc 2014/04/30 v1.2b Input encoding file
\inpenc@prehook=\toks29
\inpenc@posthook=\toks30

(/usr/share/texlive/texmf-dist/tex/latex/base/utf8.def
File: utf8.def 2008/04/05 v1.1m UTF-8 support for inputenc
Now handling font encoding OML ...
... no UTF-8 mapping file for font encoding OML
Now handling font encoding T1 ...
... processing UTF-8 mapping file for font encoding T1

(/usr/share/texlive/texmf-dist/tex/latex/base/t1enc.dfu
File: t1enc.dfu 2008/04/05 v1.1m UTF-8 support for inputenc
   defining Unicode char U+00A1 (decimal 161)
   defining Unicode char U+00A3 (decimal 163)
   defining Unicode char U+00AB (decimal 171)
   defining Unicode char U+00BB (decimal 187)
   defining Unicode char U+00BF (decimal 191)
   defining Unicode char U+00C0 (decimal 192)
   defining Unicode char U+00C1 (decimal 193)
   defining Unicode char U+00C2 (decimal 194)
   defining Unicode char U+00C3 (decimal 195)
   defining Unicode char U+00C4 (decimal 196)
   defining Unicode char U+00C5 (decimal 197)
   defining Unicode char U+00C6 (decimal 198)
   defining Unicode char U+00C7 (decimal 199)
   defining Unicode char U+00C8 (decimal 200)
   defining Unicode char U+00C9 (decimal 201)
   defining Unicode char U+00CA (decimal 202)
   defining Unicode char U+00CB (decimal 203)
   defining Unicode char U+00CC (decimal 204)
   defining Unicode char U+00CD (decimal 205)
   defining Unicode char U+00CE (decimal 206)
   defining Unicode char U+00CF (decimal 207)
   defining Unicode char U+00D0 (decimal 208)
   defining Unicode char U+00D1 (decimal 209)
   defining Unicode char U+00D2 (decimal 210)
   defining Unicode char U+00D3 (decimal 211)
   defining Unicode char U+00D4 (decimal 212)
   defining Unicode char U+00D5 (decimal 213)
   defining Unicode char U+00D6 (decimal 214)
   defining Unicode char U+00D8 (decimal 216)
   defining Unicode char U+00D9 (decimal 217)
   defining Unicode char U+00DA (decimal 218)
   defining Unicode char U+00DB (decimal 219)
   defining Unicode char U+00DC (decimal 220)
   defining Unicode char U+00DD (decimal 221)
   defining Unicode char U+00DE (decimal 222)
   defining Unicode char U+00DF (decimal 223)
   defining Unicode char U+00E0 (decimal 224)
   defining Unicode char U+00E1 (decimal 225)
   defining Unicode char U+00E2 (decimal 226)
   defining Unicode char U+00E3 (decimal 227)
   defining Unicode char U+00E4 (decimal 228)
   defining Unicode char U+00E5 (decimal 229)
   defining Unicode char U+00E6 (decimal 230)
   defining Unicode char U+00E7 (decimal 231)
   defining Unicode char U+00E8 (decimal 232)
   defining Unicode char U+00E9 (decimal 233)
   defining Unicode char U+00EA (decimal 234)
   defining Unicode char U+00EB (decimal 235)
   defining Unicode char U+00EC (decimal 236)
   defining Unicode char U+00ED (decimal 237)
   defining Unicode char U+00EE (decimal 238)
   defining Unicode char U+00EF (decimal 239)
   defining Unicode char U+00F0 (decimal 240)
   defining Unicode char U+00F1 (decimal 241)
   defining Unicode char U+00F2 (decimal 242)
   defining Unicode char U+00F3 (decimal 243)
   defining Unicode char U+00F4 (decimal 244)
   defining Unicode char U+00F5 (decimal 245)
   defining Unicode char U+00F6 (decimal 246)
   defining Unicode char U+00F8 (decimal 248)
   defining Unicode char U+00F9 (decimal 249)
   defining Unicode char U+00FA (decimal 250)
   defining Unicode char U+00FB (decimal 251)
   defining Unicode char U+00FC (decimal 252)
   defining Unicode char U+00FD (decimal 253)
   defining Unicode char U+00FE (decimal 254)
   defining Unicode char U+00FF (decimal 255)
   defining Unicode char U+0102 (decimal 258)
   defining Unicode char U+0103 (decimal 259)
   defining Unicode char U+0104 (decimal 260)
   defining Unicode char U+0105 (decimal 261)
   defining Unicode char U+0106 (decimal 262)
   defining Unicode char U+0107 (decimal 263)
   defining Unicode char U+010C (decimal 268)
   defining Unicode char U+010D (decimal 269)
   defining Unicode char U+010E (decimal 270)
   defining Unicode char U+010F (decimal 271)
   defining Unicode char U+0110 (decimal 272)
   defining Unicode char U+0111 (decimal 273)
   defining Unicode char U+0118 (decimal 280)
   defining Unicode char U+0119 (decimal 281)
   defining Unicode char U+011A (decimal 282)
   defining Unicode char U+011B (decimal 283)
   defining Unicode char U+011E (decimal 286)
   defining Unicode char U+011F (decimal 287)
   defining Unicode char U+0130 (decimal 304)
   defining Unicode char U+0131 (decimal 305)
   defining Unicode char U+0132 (decimal 306)
   defining Unicode char U+0133 (decimal 307)
   defining Unicode char U+0139 (decimal 313)
   defining Unicode char U+013A (decimal 314)
   defining Unicode char U+013D (decimal 317)
   defining Unicode char U+013E (decimal 318)
   defining Unicode char U+0141 (decimal 321)
   defining Unicode char U+0142 (decimal 322)
   defining Unicode char U+0143 (decimal 323)
   defining Unicode char U+0144 (decimal 324)
   defining Unicode char U+0147 (decimal 327)
   defining Unicode char U+0148 (decimal 328)
   defining Unicode char U+014A (decimal 330)
   defining Unicode char U+014B (decimal 331)
   defining Unicode char U+0150 (decimal 336)
   defining Unicode char U+0151 (decimal 337)
   defining Unicode char U+0152 (decimal 338)
   defining Unicode char U+0153 (decimal 339)
   defining Unicode char U+0154 (decimal 340)
   defining Unicode char U+0155 (decimal 341)
   defining Unicode char U+0158 (decimal 344)
   defining Unicode char U+0159 (decimal 345)
   defining Unicode char U+015A (decimal 346)
   defining Unicode char U+015B (decimal 347)
   defining Unicode char U+015E (decimal 350)
   defining Unicode char U+015F (decimal 351)
   defining Unicode char U+0160 (decimal 352)
   defining Unicode char U+0161 (decimal 353)
   defining Unicode char U+0162 (decimal 354)
   defining Unicode char U+0163 (decimal 355)
   defining Unicode char U+0164 (decimal 356)
   defining Unicode char U+0165 (decimal 357)
   defining Unicode char U+016E (decimal 366)
   defining Unicode char U+016F (decimal 367)
   defining Unicode char U+0170 (decimal 368)
   defining Unicode char U+0171 (decimal 369)
   defining Unicode char U+0178 (decimal 376)
   defining Unicode char U+0179 (decimal 377)
   defining Unicode char U+017A (decimal 378)
   defining Unicode char U+017B (decimal 379)
   defining Unicode char U+017C (decimal 380)
   defining Unicode char U+017D (decimal 381)
   defining Unicode char U+017E (decimal 382)
   defining Unicode char U+200C (decimal 8204)
   defining Unicode char U+2013 (decimal 8211)
   defining Unicode char U+2014 (decimal 8212)
   defining Unicode char U+2018 (decimal 8216)
   defining Unicode char U+2019 (decimal 8217)
   defining Unicode char U+201A (decimal 8218)
   defining Unicode char U+201C (decimal 8220)
   defining Unicode char U+201D (decimal 8221)
   defining Unicode char U+201E (decimal 8222)
   defining Unicode char U+2030 (decimal 8240)
   defining Unicode char U+2031 (decimal 8241)
   defining Unicode char U+2039 (decimal 8249)
   defining Unicode char U+203A (decimal 8250)
   defining Unicode char U+2423 (decimal 9251)
)
Now handling font encoding OT1 ...
... processing UTF-8 mapping file for font encoding OT1

(/usr/share/texlive/texmf-dist/tex/latex/base/ot1enc.dfu
File: ot1enc.dfu 2008/04/05 v1.1m UTF-8 support for inputenc
   defining Unicode char U+00A1 (decimal 161)
   defining Unicode char U+00A3 (decimal 163)
   defining Unicode char U+00B8 (decimal 184)
   defining Unicode char U+00BF (decimal 191)
   defining Unicode char U+00C5 (decimal 197)
   defining Unicode char U+00C6 (decimal 198)
   defining Unicode char U+00D8 (decimal 216)
   defining Unicode char U+00DF (decimal 223)
   defining Unicode char U+00E6 (decimal 230)
   defining Unicode char U+00EC (decimal 236)
   defining Unicode char U+00ED (decimal 237)
   defining Unicode char U+00EE (decimal 238)
   defining Unicode char U+00EF (decimal 239)
   defining Unicode char U+00F8 (decimal 248)
   defining Unicode char U+0131 (decimal 305)
   defining Unicode char U+0141 (decimal 321)
   defining Unicode char U+0142 (decimal 322)
   defining Unicode char U+0152 (decimal 338)
   defining Unicode char U+0153 (decimal 339)
   defining Unicode char U+2013 (decimal 8211)
   defining Unicode char U+2014 (decimal 8212)
   defining Unicode char U+2018 (decimal 8216)
   defining Unicode char U+2019 (decimal 8217)
   defining Unicode char U+201C (decimal 8220)
   defining Unicode char U+201D (decimal 8221)
)
Now handling font encoding OMS ...
... processing UTF-8 mapping file for font encoding OMS

(/usr/share/texlive/texmf-dist/tex/latex/base/omsenc.dfu
File: omsenc.dfu 2008/04/05 v1.1m UTF-8 support for inputenc
   defining Unicode char U+00A7 (decimal 167)
   defining Unicode char U+00B6 (decimal 182)
   defining Unicode char U+00B7 (decimal 183)
   defining Unicode char U+2020 (decimal 8224)
   defining Unicode char U+2021 (decimal 8225)
   defining Unicode char U+2022 (decimal 8226)
)
Now handling font encoding OMX ...
... no UTF-8 mapping file for font encoding OMX
Now handling font encoding U ...
... no UTF-8 mapping file for font encoding U
   defining Unicode char U+00A9 (decimal 169)
   defining Unicode char U+00AA (decimal 170)
   defining Unicode char U+00AE (decimal 174)
   defining Unicode char U+00BA (decimal 186)
   defining Unicode char U+02C6 (decimal 710)
   defining Unicode char U+02DC (decimal 732)
   defining Unicode char U+200C (decimal 8204)
   defining Unicode char U+2026 (decimal 8230)
   defining Unicode char U+2122 (decimal 8482)
   defining Unicode char U+2423 (decimal 9251)
))
(/usr/share/texlive/texmf-dist/tex/latex/base/fontenc.sty
Package: fontenc 2005/09/27 v1.99g Standard LaTeX package

(/usr/share/texlive/texmf-dist/tex/latex/base/t1enc.def
File: t1enc.def 2005/09/27 v1.99g Standard LaTeX file
LaTeX Font Info:    Redeclaring font encoding T1 on input line 43.
))
(/usr/share/texmf/tex/latex/lm/lmodern.sty
Package: lmodern 2009/10/30 v1.6 Latin Modern Fonts
LaTeX Font Info:    Overwriting symbol font `operators' in version `normal'
(Font)                  OT1/cmr/m/n --> OT1/lmr/m/n on input line 22.
LaTeX Font Info:    Overwriting symbol font `letters' in version `normal'
(Font)                  OML/cmm/m/it --> OML/lmm/m/it on input line 23.
LaTeX Font Info:    Overwriting symbol font `symbols' in version `normal'
(Font)                  OMS/cmsy/m/n --> OMS/lmsy/m/n on input line 24.
LaTeX Font Info:    Overwriting symbol font `largesymbols' in version `normal'
(Font)                  OMX/cmex/m/n --> OMX/lmex/m/n on input line 25.
LaTeX Font Info:    Overwriting symbol font `operators' in version `bold'
(Font)                  OT1/cmr/bx/n --> OT1/lmr/bx/n on input line 26.
LaTeX Font Info:    Overwriting symbol font `letters' in version `bold'
(Font)                  OML/cmm/b/it --> OML/lmm/b/it on input line 27.
LaTeX Font Info:    Overwriting symbol font `symbols' in version `bold'
(Font)                  OMS/cmsy/b/n --> OMS/lmsy/b/n on input line 28.
LaTeX Font Info:    Overwriting symbol font `largesymbols' in version `bold'
(Font)                  OMX/cmex/m/n --> OMX/lmex/m/n on input line 29.
LaTeX Font Info:    Overwriting math alphabet `\mathbf' in version `normal'
(Font)                  OT1/cmr/bx/n --> OT1/lmr/bx/n on input line 31.
LaTeX Font Info:    Overwriting math alphabet `\mathsf' in version `normal'
(Font)                  OT1/cmss/m/n --> OT1/lmss/m/n on input line 32.
LaTeX Font Info:    Overwriting math alphabet `\mathit' in version `normal'
(Font)                  OT1/cmr/m/it --> OT1/lmr/m/it on input line 33.
LaTeX Font Info:    Overwriting math alphabet `\mathtt' in version `normal'
(Font)                  OT1/cmtt/m/n --> OT1/lmtt/m/n on input line 34.
LaTeX Font Info:    Overwriting math alphabet `\mathbf' in version `bold'
(Font)                  OT1/cmr/bx/n --> OT1/lmr/bx/n on input line 35.
LaTeX Font Info:    Overwriting math alphabet `\mathsf' in version `bold'
(Font)                  OT1/cmss/bx/n --> OT1/lmss/bx/n on input line 36.
LaTeX Font Info:    Overwriting math alphabet `\mathit' in version `bold'
(Font)                  OT1/cmr/bx/it --> OT1/lmr/bx/it on input line 37.
LaTeX Font Info:    Overwriting math alphabet `\mathtt' in version `bold'
(Font)                  OT1/cmtt/m/n --> OT1/lmtt/m/n on input line 38.
)
(/usr/share/texlive/texmf-dist/tex/latex/apacite/apacite.sty
Package: apacite 2013/07/21 v6.03 APA citation
\c@BibCnt=\count108
\bibleftmargin=\skip63
\bibindent=\skip64
\bibparsep=\skip65
\bibitemsep=\skip66
\biblabelsep=\skip67
) (./standard.tex
\c@theorem=\count109
\c@algorithm=\count110
\c@lemma=\count111
\c@case=\count112
\c@statement=\count113
\c@corollary=\count114
\c@definition=\count115
\c@remark=\count116
\c@approximation=\count117
\c@scheme=\count118
\c@Assumption=\count119
\c@proposition=\count120
\c@hypo=\count121
)
\c@Step=\count122

(/usr/share/texlive/texmf-dist/tex/latex/hyperref/hyperref.sty
Package: hyperref 2012/11/06 v6.83m Hypertext links for LaTeX

(/usr/share/texlive/texmf-dist/tex/generic/oberdiek/hobsub-hyperref.sty
Package: hobsub-hyperref 2012/05/28 v1.13 Bundle oberdiek, subset hyperref (HO)


(/usr/share/texlive/texmf-dist/tex/generic/oberdiek/hobsub-generic.sty
Package: hobsub-generic 2012/05/28 v1.13 Bundle oberdiek, subset generic (HO)
Package: hobsub 2012/05/28 v1.13 Construct package bundles (HO)
Package hobsub Info: Skipping package `infwarerr' (already loaded).
Package hobsub Info: Skipping package `ltxcmds' (already loaded).
Package: ifluatex 2010/03/01 v1.3 Provides the ifluatex switch (HO)
Package ifluatex Info: LuaTeX not detected.
Package: ifvtex 2010/03/01 v1.5 Detect VTeX and its facilities (HO)
Package ifvtex Info: VTeX not detected.
Package: intcalc 2007/09/27 v1.1 Expandable calculations with integers (HO)
Package: ifpdf 2011/01/30 v2.3 Provides the ifpdf switch (HO)
Package ifpdf Info: pdfTeX in PDF mode is detected.
Package: etexcmds 2011/02/16 v1.5 Avoid name clashes with e-TeX commands (HO)
Package etexcmds Info: Could not find \expanded.
(etexcmds)             That can mean that you are not using pdfTeX 1.50 or
(etexcmds)             that some package has redefined \expanded.
(etexcmds)             In the latter case, load this package earlier.
Package: kvsetkeys 2012/04/25 v1.16 Key value parser (HO)
Package: kvdefinekeys 2011/04/07 v1.3 Define keys (HO)
Package: pdftexcmds 2011/11/29 v0.20 Utility functions of pdfTeX for LuaTeX (HO
)
Package pdftexcmds Info: LuaTeX not detected.
Package pdftexcmds Info: \pdf@primitive is available.
Package pdftexcmds Info: \pdf@ifprimitive is available.
Package pdftexcmds Info: \pdfdraftmode found.
Package: pdfescape 2011/11/25 v1.13 Implements pdfTeX's escape features (HO)
Package: bigintcalc 2012/04/08 v1.3 Expandable calculations on big integers (HO
)
Package: bitset 2011/01/30 v1.1 Handle bit-vector datatype (HO)
Package: uniquecounter 2011/01/30 v1.2 Provide unlimited unique counter (HO)
)
Package hobsub Info: Skipping package `hobsub' (already loaded).
Package: letltxmacro 2010/09/02 v1.4 Let assignment for LaTeX macros (HO)
Package: hopatch 2012/05/28 v1.2 Wrapper for package hooks (HO)
Package: xcolor-patch 2011/01/30 xcolor patch
Package: atveryend 2011/06/30 v1.8 Hooks at the very end of document (HO)
Package atveryend Info: \enddocument detected (standard20110627).
Package: atbegshi 2011/10/05 v1.16 At begin shipout hook (HO)
Package: refcount 2011/10/16 v3.4 Data extraction from label references (HO)
Package: hycolor 2011/01/30 v1.7 Color options for hyperref/bookmark (HO)
)
(/usr/share/texlive/texmf-dist/tex/generic/ifxetex/ifxetex.sty
Package: ifxetex 2010/09/12 v0.6 Provides ifxetex conditional
)
(/usr/share/texlive/texmf-dist/tex/latex/oberdiek/auxhook.sty
Package: auxhook 2011/03/04 v1.3 Hooks for auxiliary files (HO)
)
(/usr/share/texlive/texmf-dist/tex/latex/oberdiek/kvoptions.sty
Package: kvoptions 2011/06/30 v3.11 Key value format for package options (HO)
)
\@linkdim=\dimen125
\Hy@linkcounter=\count123
\Hy@pagecounter=\count124

(/usr/share/texlive/texmf-dist/tex/latex/hyperref/pd1enc.def
File: pd1enc.def 2012/11/06 v6.83m Hyperref: PDFDocEncoding definition (HO)
Now handling font encoding PD1 ...
... no UTF-8 mapping file for font encoding PD1
)
\Hy@SavedSpaceFactor=\count125

(/usr/share/texlive/texmf-dist/tex/latex/latexconfig/hyperref.cfg
File: hyperref.cfg 2002/06/06 v1.2 hyperref configuration of TeXLive
)
Package hyperref Info: Hyper figures OFF on input line 4443.
Package hyperref Info: Link nesting OFF on input line 4448.
Package hyperref Info: Hyper index ON on input line 4451.
Package hyperref Info: Plain pages OFF on input line 4458.
Package hyperref Info: Backreferencing OFF on input line 4463.
Package hyperref Info: Implicit mode ON; LaTeX internals redefined.
Package hyperref Info: Bookmarks ON on input line 4688.
\c@Hy@tempcnt=\count126

(/usr/share/texlive/texmf-dist/tex/latex/url/url.sty
\Urlmuskip=\muskip11
Package: url 2013/09/16  ver 3.4  Verb mode for urls, etc.
)
LaTeX Info: Redefining \url on input line 5041.
\XeTeXLinkMargin=\dimen126
\Fld@menulength=\count127
\Field@Width=\dimen127
\Fld@charsize=\dimen128
Package hyperref Info: Hyper figures OFF on input line 6295.
Package hyperref Info: Link nesting OFF on input line 6300.
Package hyperref Info: Hyper index ON on input line 6303.
Package hyperref Info: backreferencing OFF on input line 6310.
Package hyperref Info: Link coloring OFF on input line 6315.
Package hyperref Info: Link coloring with OCG OFF on input line 6320.
Package hyperref Info: PDF/A mode OFF on input line 6325.
LaTeX Info: Redefining \ref on input line 6365.
LaTeX Info: Redefining \pageref on input line 6369.
\Hy@abspage=\count128
\c@Item=\count129
\c@Hfootnote=\count130
)

Package hyperref Message: Driver (autodetected): hpdftex.

(/usr/share/texlive/texmf-dist/tex/latex/hyperref/hpdftex.def
File: hpdftex.def 2012/11/06 v6.83m Hyperref driver for pdfTeX
\Fld@listcount=\count131
\c@bookmark@seq@number=\count132

(/usr/share/texlive/texmf-dist/tex/latex/oberdiek/rerunfilecheck.sty
Package: rerunfilecheck 2011/04/15 v1.7 Rerun checks for auxiliary files (HO)
Package uniquecounter Info: New unique counter `rerunfilecheck' on input line 2
82.
)
\Hy@SectionHShift=\skip68
)
(./imamcisample.aux)
\openout1 = `imamcisample.aux'.

LaTeX Font Info:    Checking defaults for OML/cmm/m/it on input line 49.
LaTeX Font Info:    ... okay on input line 49.
LaTeX Font Info:    Checking defaults for T1/cmr/m/n on input line 49.
LaTeX Font Info:    ... okay on input line 49.
LaTeX Font Info:    Checking defaults for OT1/cmr/m/n on input line 49.
LaTeX Font Info:    ... okay on input line 49.
LaTeX Font Info:    Checking defaults for OMS/cmsy/m/n on input line 49.
LaTeX Font Info:    ... okay on input line 49.
LaTeX Font Info:    Checking defaults for OMX/cmex/m/n on input line 49.
LaTeX Font Info:    ... okay on input line 49.
LaTeX Font Info:    Checking defaults for U/cmr/m/n on input line 49.
LaTeX Font Info:    ... okay on input line 49.
LaTeX Font Info:    Checking defaults for PD1/pdf/m/n on input line 49.
LaTeX Font Info:    ... okay on input line 49.
LaTeX Font Info:    Try loading font information for T1+lmr on input line 49.
 (/usr/share/texmf/tex/latex/lm/t1lmr.fd
File: t1lmr.fd 2009/10/30 v1.6 Font defs for Latin Modern
)
(/usr/share/texlive/texmf-dist/tex/context/base/supp-pdf.mkii
[Loading MPS to PDF converter (version 2006.09.02).]
\scratchcounter=\count133
\scratchdimen=\dimen129
\scratchbox=\box31
\nofMPsegments=\count134
\nofMParguments=\count135
\everyMPshowfont=\toks31
\MPscratchCnt=\count136
\MPscratchDim=\dimen130
\MPnumerator=\count137
\makeMPintoPDFobject=\count138
\everyMPtoPDFconversion=\toks32
) (/usr/share/texlive/texmf-dist/tex/latex/oberdiek/epstopdf-base.sty
Package: epstopdf-base 2010/02/09 v2.5 Base part for package epstopdf

(/usr/share/texlive/texmf-dist/tex/latex/oberdiek/grfext.sty
Package: grfext 2010/08/19 v1.1 Manage graphics extensions (HO)
)
Package grfext Info: Graphics extension search list:
(grfext)             [.png,.pdf,.jpg,.mps,.jpeg,.jbig2,.jb2,.PNG,.PDF,.JPG,.JPE
G,.JBIG2,.JB2,.eps]
(grfext)             \AppendGraphicsExtensions on input line 452.

(/usr/share/texlive/texmf-dist/tex/latex/latexconfig/epstopdf-sys.cfg
File: epstopdf-sys.cfg 2010/07/13 v1.3 Configuration of (r)epstopdf for TeX Liv
e
))
Package caption Info: Begin \AtBeginDocument code.
Package caption Info: floatrow package is loaded.
Package caption Info: float package is loaded.
Package caption Info: floatrow package is loaded.
Package caption Info: hyperref package is loaded.
Package caption Info: End \AtBeginDocument code.

(/usr/share/texlive/texmf-dist/tex/latex/graphics/color.sty
Package: color 2014/04/23 v1.1a Standard LaTeX Color (DPC)

(/usr/share/texlive/texmf-dist/tex/latex/latexconfig/color.cfg
File: color.cfg 2007/01/18 v1.5 color configuration of teTeX/TeXLive
)
Package color Info: Driver file: pdftex.def on input line 137.
)
\c@maskedRefs=\count139

(/usr/share/texlive/texmf-dist/tex/latex/apacite/english.apc
File: english.apc 2013/07/21 v6.03 apacite language file
LaTeX Info: Redefining \BPBI on input line 129.
LaTeX Info: Redefining \BHBI on input line 130.
)
\AtBeginShipoutBox=\box32
Package hyperref Info: Link coloring OFF on input line 49.

(/usr/share/texlive/texmf-dist/tex/latex/hyperref/nameref.sty
Package: nameref 2012/10/27 v2.43 Cross-referencing by name of section

(/usr/share/texlive/texmf-dist/tex/generic/oberdiek/gettitlestring.sty
Package: gettitlestring 2010/12/03 v1.4 Cleanup title references (HO)
)
\c@section@level=\count140
)
LaTeX Info: Redefining \ref on input line 49.
LaTeX Info: Redefining \pageref on input line 49.
LaTeX Info: Redefining \nameref on input line 49.

(./imamcisample.out) (./imamcisample.out)
\@outlinefile=\write3
\openout3 = `imamcisample.out'.

LaTeX Font Info:    Try loading font information for OT1+lmr on input line 57.

(/usr/share/texmf/tex/latex/lm/ot1lmr.fd
File: ot1lmr.fd 2009/10/30 v1.6 Font defs for Latin Modern
)
LaTeX Font Info:    Try loading font information for OML+lmm on input line 57.

(/usr/share/texmf/tex/latex/lm/omllmm.fd
File: omllmm.fd 2009/10/30 v1.6 Font defs for Latin Modern
)
LaTeX Font Info:    Try loading font information for OMS+lmsy on input line 57.


(/usr/share/texmf/tex/latex/lm/omslmsy.fd
File: omslmsy.fd 2009/10/30 v1.6 Font defs for Latin Modern
)
LaTeX Font Info:    Try loading font information for OMX+lmex on input line 57.


(/usr/share/texmf/tex/latex/lm/omxlmex.fd
File: omxlmex.fd 2009/10/30 v1.6 Font defs for Latin Modern
)
LaTeX Font Info:    External font `lmex10' loaded for size
(Font)              <14.4> on input line 57.
LaTeX Font Info:    External font `lmex10' loaded for size
(Font)              <10> on input line 57.
LaTeX Font Info:    External font `lmex10' loaded for size
(Font)              <7> on input line 57.
LaTeX Font Info:    Try loading font information for U+rsfs on input line 57.

(/usr/share/texlive/texmf-dist/tex/latex/jknapltx/ursfs.fd
File: ursfs.fd 1998/03/24 rsfs font definition file (jk)
)
Overfull \hbox (54.10849pt too wide) in paragraph at lines 57--57
 [][] 
 []


Underfull \hbox (badness 10000) in paragraph at lines 70--75

 []

[1

{/var/lib/texmf/fonts/map/pdftex/updmap/pdftex.map}]
Underfull \hbox (badness 10000) in paragraph at lines 76--78

 []

[2] <conversion.PNG, id=110, 365.86688pt x 194.97844pt>
File: conversion.PNG Graphic file (type png)
 <use conversion.PNG>
Package pdftex.def Info: conversion.PNG used on input line 84.
(pdftex.def)             Requested size: 155.99762pt x 83.13397pt.
LaTeX Font Info:    External font `lmex10' loaded for size
(Font)              <12> on input line 100.
LaTeX Font Info:    External font `lmex10' loaded for size
(Font)              <8> on input line 100.
LaTeX Font Info:    External font `lmex10' loaded for size
(Font)              <6> on input line 100.

[3 <./conversion.PNG>] <plasmido+.PNG, id=119, 434.37282pt x 411.03563pt>
File: plasmido+.PNG Graphic file (type png)

<use plasmido+.PNG>
Package pdftex.def Info: plasmido+.PNG used on input line 104.
(pdftex.def)             Requested size: 155.99762pt x 147.6152pt.
 <cassete.PNG, id=120, 376.40625pt x 154.32657pt>
File: cassete.PNG Graphic file (type png)

<use cassete.PNG>
Package pdftex.def Info: cassete.PNG used on input line 111.
(pdftex.def)             Requested size: 155.99762pt x 63.95955pt.

Underfull \hbox (badness 10000) in paragraph at lines 116--119

 []

[4 <./plasmido+.PNG> <./cassete.PNG>] [5]
<electrof.PNG, id=137, 313.17pt x 370.38374pt>
File: electrof.PNG Graphic file (type png)
 <use electrof.PNG>
Package pdftex.def Info: electrof.PNG used on input line 137.
(pdftex.def)             Requested size: 155.99762pt x 184.5019pt.
 [6] [7 <./electrof.PNG>]
Overfull \hbox (8.69156pt too wide) in paragraph at lines 155--155
[]\T1/lmr/bx/n/14.4 Algoritmo de Guille-spie para mod-e-lar el crec-imiento
 []

LaTeX Font Info:    Try loading font information for T1+lmtt on input line 159.

(/usr/share/texmf/tex/latex/lm/t1lmtt.fd
File: t1lmtt.fd 2009/10/30 v1.6 Font defs for Latin Modern
)
Overfull \hbox (8.2479pt too wide) in paragraph at lines 159--160
[]\T1/lmr/m/n/12 El código im-ple-men-tado en IPython se puede ob-ser-var en []
$\T1/lmtt/m/n/12 http :// nbviewer []
 []


Overfull \hbox (5.2002pt too wide) in paragraph at lines 159--160
\T1/lmtt/m/n/12 .ipython [] .org / github / sercharpak / Biologia [] []Sintetic
a [] []Proyecto / blob /
 []


Underfull \hbox (badness 10000) in paragraph at lines 159--160

 []


Underfull \hbox (badness 10000) in paragraph at lines 161--162

 []

<ecoli_lineal.png, id=151, 393.47pt x 280.04625pt>
File: ecoli_lineal.png Graphic file (type png)
 <use ecoli_lineal.png>
Package pdftex.def Info: ecoli_lineal.png used on input line 165.
(pdftex.def)             Requested size: 177.05986pt x 126.01964pt.
File: ecoli_lineal.png Graphic file (type png)

<use ecoli_lineal.png>
Package pdftex.def Info: ecoli_lineal.png used on input line 165.
(pdftex.def)             Requested size: 177.05986pt x 126.01964pt.

<salmonella_lineal.png, id=152, 395.4775pt x 280.04625pt>
File: salmonella_lineal.png Graphic file (type png)

<use salmonella_lineal.png>
Package pdftex.def Info: salmonella_lineal.png used on input line 166.
(pdftex.def)             Requested size: 177.96323pt x 126.01964pt.
File: salmonella_lineal.png Graphic file (type png)
 <use salmonella_lineal.png>
Package pdftex.def Info: salmonella_lineal.png used on input line 166.
(pdftex.def)             Requested size: 177.96323pt x 126.01964pt.

<rhodnii_lineal.png, id=153, 395.4775pt x 280.04625pt>
File: rhodnii_lineal.png Graphic file (type png)

<use rhodnii_lineal.png>
Package pdftex.def Info: rhodnii_lineal.png used on input line 173.
(pdftex.def)             Requested size: 177.96323pt x 126.01964pt.
File: rhodnii_lineal.png Graphic file (type png)
 <use rhodnii_lineal.png>
Package pdftex.def Info: rhodnii_lineal.png used on input line 173.
(pdftex.def)             Requested size: 177.96323pt x 126.01964pt.

<control_lineal.png, id=154, 395.4775pt x 280.04625pt>
File: control_lineal.png Graphic file (type png)

<use control_lineal.png>
Package pdftex.def Info: control_lineal.png used on input line 174.
(pdftex.def)             Requested size: 177.96323pt x 126.01964pt.
File: control_lineal.png Graphic file (type png)
 <use control_lineal.png>
Package pdftex.def Info: control_lineal.png used on input line 174.
(pdftex.def)             Requested size: 177.96323pt x 126.01964pt.
 [8 <./ecoli_lineal.png> <./salmonella_lineal.png>]
Underfull \hbox (badness 10000) in paragraph at lines 179--180

 []

<todasLasCorridas.png, id=165, 405.515pt x 269.005pt>
File: todasLasCorridas.png Graphic file (type png)

<use todasLasCorridas.png>
Package pdftex.def Info: todasLasCorridas.png used on input line 183.
(pdftex.def)             Requested size: 272.99881pt x 181.1026pt.

Underfull \hbox (badness 10000) in paragraph at lines 188--189

 []

<ruido_ecoli.png, id=166, 398.48875pt x 280.04625pt>
File: ruido_ecoli.png Graphic file (type png)
 <use ruido_ecoli.png>
Package pdftex.def Info: ruido_ecoli.png used on input line 192.
(pdftex.def)             Requested size: 179.31828pt x 126.01964pt.
File: ruido_ecoli.png Graphic file (type png)

<use ruido_ecoli.png>
Package pdftex.def Info: ruido_ecoli.png used on input line 192.
(pdftex.def)             Requested size: 179.31828pt x 126.01964pt.

<ruido_salmonella.png, id=167, 398.48875pt x 280.04625pt>
File: ruido_salmonella.png Graphic file (type png)

<use ruido_salmonella.png>
Package pdftex.def Info: ruido_salmonella.png used on input line 193.
(pdftex.def)             Requested size: 179.31828pt x 126.01964pt.
File: ruido_salmonella.png Graphic file (type png)
 <use ruido_salmonella.png>
Package pdftex.def Info: ruido_salmonella.png used on input line 193.
(pdftex.def)             Requested size: 179.31828pt x 126.01964pt.
 [9 <./rhodnii_lineal.png> <./control_lineal.png> <./todasLasCorridas.png>]
<ruido_rhodnii.png, id=177, 398.48875pt x 280.04625pt>
File: ruido_rhodnii.png Graphic file (type png)
 <use ruido_rhodnii.png>
Package pdftex.def Info: ruido_rhodnii.png used on input line 201.
(pdftex.def)             Requested size: 179.31828pt x 126.01964pt.
File: ruido_rhodnii.png Graphic file (type png)

<use ruido_rhodnii.png>
Package pdftex.def Info: ruido_rhodnii.png used on input line 201.
(pdftex.def)             Requested size: 179.31828pt x 126.01964pt.
 <ruido_control.png, id=178, 398.48875pt x 280.04625pt>
File: ruido_control.png Graphic file (type png)

<use ruido_control.png>
Package pdftex.def Info: ruido_control.png used on input line 202.
(pdftex.def)             Requested size: 179.31828pt x 126.01964pt.
File: ruido_control.png Graphic file (type png)
 <use ruido_control.png>
Package pdftex.def Info: ruido_control.png used on input line 202.
(pdftex.def)             Requested size: 179.31828pt x 126.01964pt.

Underfull \hbox (badness 10000) in paragraph at lines 207--208

 []

<distri_ecoli.png, id=179, 387.4475pt x 278.03876pt>
File: distri_ecoli.png Graphic file (type png)
 <use distri_ecoli.png>
Package pdftex.def Info: distri_ecoli.png used on input line 211.
(pdftex.def)             Requested size: 174.34976pt x 125.11627pt.
File: distri_ecoli.png Graphic file (type png)

<use distri_ecoli.png>
Package pdftex.def Info: distri_ecoli.png used on input line 211.
(pdftex.def)             Requested size: 174.34976pt x 125.11627pt.

<distri_salmonella.png, id=180, 381.425pt x 278.03876pt>
File: distri_salmonella.png Graphic file (type png)

<use distri_salmonella.png>
Package pdftex.def Info: distri_salmonella.png used on input line 212.
(pdftex.def)             Requested size: 171.63965pt x 125.11627pt.

Underfull \hbox (badness 10000) in paragraph at lines 212--212
[]\T1/lmr/m/n/12 Figure 15: |Dis-tribu-ción de
 []

File: distri_salmonella.png Graphic file (type png)
<use distri_salmonella.png>
Package pdftex.def Info: distri_salmonella.png used on input line 212.
(pdftex.def)             Requested size: 171.63965pt x 125.11627pt.

Underfull \hbox (badness 10000) in paragraph at lines 212--212
[]\T1/lmr/m/n/12 Figure 15: |Dis-tribu-ción de
 []

[10 <./ruido_ecoli.png> <./ruido_salmonella.png> <./ruido_rhodnii.png> <./ruido
_control.png>] <distri_rhodnii.png, id=192, 381.425pt x 278.03876pt>
File: distri_rhodnii.png Graphic file (type png)

<use distri_rhodnii.png>
Package pdftex.def Info: distri_rhodnii.png used on input line 220.
(pdftex.def)             Requested size: 171.63965pt x 125.11627pt.
File: distri_rhodnii.png Graphic file (type png)
 <use distri_rhodnii.png>
Package pdftex.def Info: distri_rhodnii.png used on input line 220.
(pdftex.def)             Requested size: 171.63965pt x 125.11627pt.

<distri_contr.png, id=193, 381.425pt x 278.03876pt>
File: distri_contr.png Graphic file (type png)
 <use distri_contr.png>
Package pdftex.def Info: distri_contr.png used on input line 221.
(pdftex.def)             Requested size: 171.63965pt x 125.11627pt.
File: distri_contr.png Graphic file (type png)

<use distri_contr.png>
Package pdftex.def Info: distri_contr.png used on input line 221.
(pdftex.def)             Requested size: 171.63965pt x 125.11627pt.
 [11 <./distri_ecoli.png> <./distri_salmonella.png> <./distri_rhodnii.png> <./d
istri_contr.png>]
Overfull \hbox (6.33922pt too wide) in paragraph at lines 237--239
\T1/lmr/m/n/12 se puede ac-ceder en []$\T1/lmtt/m/n/12 https :// github [] .com
 / sercharpak / Biologia [] []Sintetica []
 []


Underfull \hbox (badness 10000) in paragraph at lines 237--239

 []

<ecoli_moran_1.png, id=206, 481.8pt x 484.81125pt>
File: ecoli_moran_1.png Graphic file (type png)
 <use ecoli_moran_1.png>
Package pdftex.def Info: ecoli_moran_1.png used on input line 242.
(pdftex.def)             Requested size: 144.5411pt x 145.44449pt.
File: ecoli_moran_1.png Graphic file (type png)

<use ecoli_moran_1.png>
Package pdftex.def Info: ecoli_moran_1.png used on input line 242.
(pdftex.def)             Requested size: 144.5411pt x 145.44449pt.
 <ecoli_moran_339.png, id=207, 481.8pt x 484.81125pt>
File: ecoli_moran_339.png Graphic file (type png)

<use ecoli_moran_339.png>
Package pdftex.def Info: ecoli_moran_339.png used on input line 243.
(pdftex.def)             Requested size: 144.5411pt x 145.44449pt.
File: ecoli_moran_339.png Graphic file (type png)
 <use ecoli_moran_339.png>
Package pdftex.def Info: ecoli_moran_339.png used on input line 243.
(pdftex.def)             Requested size: 144.5411pt x 145.44449pt.

<ecoli_moran_576.png, id=208, 481.8pt x 484.81125pt>
File: ecoli_moran_576.png Graphic file (type png)
 <use ecoli_moran_576.png>
Package pdftex.def Info: ecoli_moran_576.png used on input line 250.
(pdftex.def)             Requested size: 136.50238pt x 137.3515pt.

[12 <./ecoli_moran_1.png (PNG copy)> <./ecoli_moran_339.png (PNG copy)>]
Underfull \hbox (badness 10000) in paragraph at lines 255--256

 []


Underfull \hbox (badness 10000) in paragraph at lines 257--258

 []

<rhodnii_moran_1.png, id=215, 481.8pt x 484.81125pt>
File: rhodnii_moran_1.png Graphic file (type png)
 <use rhodnii_moran_1.png>
Package pdftex.def Info: rhodnii_moran_1.png used on input line 261.
(pdftex.def)             Requested size: 168.63252pt x 169.68648pt.
File: rhodnii_moran_1.png Graphic file (type png)

<use rhodnii_moran_1.png>
Package pdftex.def Info: rhodnii_moran_1.png used on input line 261.
(pdftex.def)             Requested size: 168.63252pt x 169.68648pt.

<rhodnii_moran_477.png, id=216, 481.8pt x 484.81125pt>
File: rhodnii_moran_477.png Graphic file (type png)

<use rhodnii_moran_477.png>
Package pdftex.def Info: rhodnii_moran_477.png used on input line 262.
(pdftex.def)             Requested size: 168.63252pt x 169.68648pt.
File: rhodnii_moran_477.png Graphic file (type png)
 <use rhodnii_moran_477.png>
Package pdftex.def Info: rhodnii_moran_477.png used on input line 262.
(pdftex.def)             Requested size: 168.63252pt x 169.68648pt.

<rhodnii_moran_947.png, id=217, 481.8pt x 484.81125pt>
File: rhodnii_moran_947.png Graphic file (type png)

<use rhodnii_moran_947.png>
Package pdftex.def Info: rhodnii_moran_947.png used on input line 269.
(pdftex.def)             Requested size: 136.50238pt x 137.3515pt.
 [13 <./ecoli_moran_576.png (PNG copy)> <./rhodnii_moran_1.png (PNG copy)> <./r
hodnii_moran_477.png (PNG copy)>]
Underfull \hbox (badness 10000) in paragraph at lines 274--275

 []


Underfull \hbox (badness 10000) in paragraph at lines 276--277

 []

<samonella_moran_1.png, id=225, 481.8pt x 484.81125pt>
File: samonella_moran_1.png Graphic file (type png)

<use samonella_moran_1.png>
Package pdftex.def Info: samonella_moran_1.png used on input line 280.
(pdftex.def)             Requested size: 168.63252pt x 169.68648pt.
File: samonella_moran_1.png Graphic file (type png)
 <use samonella_moran_1.png>
Package pdftex.def Info: samonella_moran_1.png used on input line 280.
(pdftex.def)             Requested size: 168.63252pt x 169.68648pt.

<samonella_moran_496.png, id=226, 481.8pt x 484.81125pt>
File: samonella_moran_496.png Graphic file (type png)

<use samonella_moran_496.png>
Package pdftex.def Info: samonella_moran_496.png used on input line 281.
(pdftex.def)             Requested size: 168.63252pt x 169.68648pt.
File: samonella_moran_496.png Graphic file (type png)
 <use samonella_moran_496.png>
Package pdftex.def Info: samonella_moran_496.png used on input line 281.
(pdftex.def)             Requested size: 168.63252pt x 169.68648pt.

Underfull \hbox (badness 10000) in paragraph at lines 286--287

 []

[14 <./rhodnii_moran_947.png (PNG copy)> <./samonella_moran_1.png (PNG copy)> <
./samonella_moran_496.png (PNG copy)>]
Underfull \hbox (badness 10000) in paragraph at lines 288--289

 []


Underfull \hbox (badness 10000) in paragraph at lines 288--289

 []

<poblacion_ecoli_trans.png, id=233, 481.8pt x 237.88875pt>
File: poblacion_ecoli_trans.png Graphic file (type png)

<use poblacion_ecoli_trans.png>
Package pdftex.def Info: poblacion_ecoli_trans.png used on input line 292.
(pdftex.def)             Requested size: 192.71658pt x 95.15381pt.

Overfull \hbox (2.71658pt too wide) in paragraph at lines 292--292
 [][] 
 []

File: poblacion_ecoli_trans.png Graphic file (type png)
<use poblacion_ecoli_trans.png>
Package pdftex.def Info: poblacion_ecoli_trans.png used on input line 292.
(pdftex.def)             Requested size: 192.71658pt x 95.15381pt.

Overfull \hbox (2.71658pt too wide) in paragraph at lines 292--292
 [][] 
 []

File: poblacion_ecoli_trans.png Graphic file (type png)
<use poblacion_ecoli_trans.png>
Package pdftex.def Info: poblacion_ecoli_trans.png used on input line 293.
(pdftex.def)             Requested size: 192.71658pt x 95.15381pt.

Overfull \hbox (2.71658pt too wide) in paragraph at lines 293--293
 [][] 
 []

File: poblacion_ecoli_trans.png Graphic file (type png)
<use poblacion_ecoli_trans.png>
Package pdftex.def Info: poblacion_ecoli_trans.png used on input line 293.
(pdftex.def)             Requested size: 192.71658pt x 95.15381pt.

Overfull \hbox (2.71658pt too wide) in paragraph at lines 293--293
 [][] 
 []

<poblacion_rhodnii_trans.png, id=234, 481.8pt x 235.88126pt>
File: poblacion_rhodnii_trans.png Graphic file (type png)

<use poblacion_rhodnii_trans.png>
Package pdftex.def Info: poblacion_rhodnii_trans.png used on input line 301.
(pdftex.def)             Requested size: 195.0pt x 95.4666pt.
 [15 <./poblacion_ecoli_trans.png (PNG copy)> <./poblacion_rhodnii_trans.png (P
NG copy)>]
Underfull \hbox (badness 10000) in paragraph at lines 329--333

 []

[16] [17]
Underfull \hbox (badness 10000) in paragraph at lines 342--343

 []


Underfull \hbox (badness 10000) in paragraph at lines 344--345

 []


Underfull \hbox (badness 10000) in paragraph at lines 346--347

 []

File: todasLasCorridas.png Graphic file (type png)
<use todasLasCorridas.png>
Package pdftex.def Info: todasLasCorridas.png used on input line 350.
(pdftex.def)             Requested size: 234.00238pt x 155.23079pt.
 [18]
Overfull \hbox (5.38461pt too wide) in paragraph at lines 356--357
\T1/lmr/m/n/12 mejora-ban al in-ster-tar-les el plás-mido (\T1/lmr/m/it/12 E.Co
li \T1/lmr/m/n/12 y \T1/lmr/m/it/12 Salmonella \T1/lmr/m/n/12 con \T1/lmr/m/it/
12 R1 \T1/lmr/m/n/12 y \T1/lmr/m/it/12 R.Rhodnii
 []

(./imamcisample.bbl

Package hyperref Warning: Token not allowed in a PDF string (PDFDocEncoding):
(hyperref)                removing `\vskip' on input line 1.

[19] [20])
Package atveryend Info: Empty hook `BeforeClearDocument' on input line 377.
 [21]
Package atveryend Info: Empty hook `AfterLastShipout' on input line 377.
 (./imamcisample.aux)
Package atveryend Info: Executing hook `AtVeryEndDocument' on input line 377.
Package atveryend Info: Executing hook `AtEndAfterFileList' on input line 377.
Package rerunfilecheck Info: File `imamcisample.out' has not changed.
(rerunfilecheck)             Checksum: 4F66DE0FD8BFD53F63ACD931D5F7AD48;1773.
Package atveryend Info: Empty hook `AtVeryVeryEnd' on input line 377.
 ) 
Here is how much of TeX's memory you used:
 8819 strings out of 493104
 130432 string characters out of 6136932
 223375 words of memory out of 5000000
 12025 multiletter control sequences out of 15000+600000
 70633 words of font info for 73 fonts, out of 8000000 for 9000
 1141 hyphenation exceptions out of 8191
 36i,12n,47p,1399b,534s stack positions out of 5000i,500n,10000p,200000b,80000s
{/usr/share/texmf/fonts/enc/dvips/lm/lm-mathit.enc}{/usr/share/texmf/fonts/en
c/dvips/lm/lm-ec.enc}{/usr/share/texmf/fonts/enc/dvips/lm/lm-mathsy.enc}{/usr/s
hare/texmf/fonts/enc/dvips/lm/lm-rm.enc}</usr/share/texmf/fonts/type1/public/lm
/lmbx12.pfb></usr/share/texmf/fonts/type1/public/lm/lmbxi10.pfb></usr/share/tex
mf/fonts/type1/public/lm/lmcsc10.pfb></usr/share/texmf/fonts/type1/public/lm/lm
mi12.pfb></usr/share/texmf/fonts/type1/public/lm/lmmi8.pfb></usr/share/texmf/fo
nts/type1/public/lm/lmr12.pfb></usr/share/texmf/fonts/type1/public/lm/lmr17.pfb
></usr/share/texmf/fonts/type1/public/lm/lmr8.pfb></usr/share/texmf/fonts/type1
/public/lm/lmri12.pfb></usr/share/texmf/fonts/type1/public/lm/lmsy10.pfb></usr/
share/texmf/fonts/type1/public/lm/lmsy8.pfb></usr/share/texmf/fonts/type1/publi
c/lm/lmtt12.pfb>
Output written on imamcisample.pdf (21 pages, 808238 bytes).
PDF statistics:
 361 PDF objects out of 1000 (max. 8388607)
 279 compressed objects within 3 object streams
 81 named destinations out of 1000 (max. 500000)
 320 words of extra memory for PDF output out of 10000 (max. 10000000)

