\BOOKMARK [1][-]{section.1}{Introducci\363n}{}% 1
\BOOKMARK [1][-]{section.2}{Protocolo y dise\361o experimental}{}% 2
\BOOKMARK [2][-]{subsection.2.1}{Cultivo y transformaci\363n de las bacterias}{section.2}% 3
\BOOKMARK [2][-]{subsection.2.2}{Construcci\363n del pl\341smido pRrMDWK6}{section.2}% 4
\BOOKMARK [2][-]{subsection.2.3}{Transformaci\363n de los vectores}{section.2}% 5
\BOOKMARK [3][-]{subsubsection.2.3.1}{Introducci\363n de las bacterias en los vectores}{subsection.2.3}% 6
\BOOKMARK [3][-]{subsubsection.2.3.2}{Genes marcadores:}{subsection.2.3}% 7
\BOOKMARK [2][-]{subsection.2.4}{Reconocimiento del anticuerpo por medio de la t\351cnica de Western Blot}{section.2}% 8
\BOOKMARK [2][-]{subsection.2.5}{Test para simbiosis de la bacteria Salmonella}{section.2}% 9
\BOOKMARK [1][-]{section.3}{Modelo evolutivo}{}% 10
\BOOKMARK [2][-]{subsection.3.1}{Escogencia de las constantes}{section.3}% 11
\BOOKMARK [2][-]{subsection.3.2}{Algoritmo de Guillespie para modelar el crecimiento poblacional de bacterias}{section.3}% 12
\BOOKMARK [2][-]{subsection.3.3}{Modelo de Moran para simular evoluci\363n bajo fitness relativo}{section.3}% 13
\BOOKMARK [1][-]{section.4}{Consideraciones \351ticas}{}% 14
\BOOKMARK [2][-]{subsection.4.1}{Transferencia horizontal de genes}{section.4}% 15
\BOOKMARK [2][-]{subsection.4.2}{Consecuencias ec\363logicas y regulaci\363n}{section.4}% 16
\BOOKMARK [1][-]{section.5}{Dificultades generales}{}% 17
\BOOKMARK [2][-]{subsection.5.1}{Evoluci\363n del proyecto}{section.5}% 18
\BOOKMARK [2][-]{subsection.5.2}{Constantes}{section.5}% 19
\BOOKMARK [2][-]{subsection.5.3}{Modelo}{section.5}% 20
\BOOKMARK [1][-]{section.6}{Conclusiones}{}% 21
\BOOKMARK [1][-]{section.7}{Referencias}{}% 22
\BOOKMARK [1][-]{section*.20}{-1cm}{}% 23
